{
  "RSpec": {
    "coverage": {
      "/Users/mapcuser/Projects/omniauth-us-ma/lib/omniauth-us-ma.rb": [
        1,
        1
      ],
      "/Users/mapcuser/Projects/omniauth-us-ma/lib/omniauth/strategies/us_ma.rb": [
        1,
        1,
        null,
        1,
        1,
        1,
        1,
        null,
        1,
        null,
        null,
        null,
        1,
        null,
        1,
        null,
        null,
        null,
        null,
        null,
        null,
        null,
        null,
        null,
        null,
        null,
        11,
        null,
        null,
        1,
        1,
        null,
        null,
        1,
        0,
        null,
        0,
        null,
        null,
        1,
        null,
        1,
        3,
        9,
        1,
        null,
        null,
        null,
        3,
        3,
        1,
        null,
        null,
        null,
        3,
        1,
        null,
        2,
        null,
        null,
        3,
        null,
        null,
        1,
        null,
        1,
        11,
        11,
        null,
        1,
        null,
        1,
        null,
        1,
        null,
        8,
        null,
        null,
        null,
        null,
        null,
        null
      ]
    },
    "timestamp": 1440795545
  }
}
